
  .   ____          _            __ _ _
 /\\ / ___'_ __ _ _(_)_ __  __ _ \ \ \ \
( ( )\___ | '_ | '_| | '_ \/ _` | \ \ \ \
 \\/  ___)| |_)| | | | | || (_| |  ) ) ) )
  '  |____| .__|_| |_|_| |_\__, | / / / /
 =========|_|==============|___/=/_/_/_/
 :: Spring Boot ::                (v3.2.3)

2026-05-28T00:46:55.161+05:30  INFO 39481 --- [eureka-server] [           main] c.h.eureka.EurekaServerApplication       : Starting EurekaServerApplication v0.0.1-SNAPSHOT using Java 21.0.10 with PID 39481 (/media/rishiraj/New Volume/CRT_Phase_2/microservices/eureka-server/target/eureka-server-0.0.1-SNAPSHOT.jar started by rishiraj in /media/rishiraj/New Volume/CRT_Phase_2/microservices/eureka-server)
2026-05-28T00:46:55.166+05:30  INFO 39481 --- [eureka-server] [           main] c.h.eureka.EurekaServerApplication       : No active profile set, falling back to 1 default profile: "default"
2026-05-28T00:46:56.859+05:30  INFO 39481 --- [eureka-server] [           main] o.s.cloud.context.scope.GenericScope     : BeanFactory id=dcca4e3f-faf2-3281-ba1a-1daae761f586
2026-05-28T00:46:56.926+05:30  WARN 39481 --- [eureka-server] [           main] trationDelegate$BeanPostProcessorChecker : Bean 'org.springframework.cloud.client.loadbalancer.LoadBalancerAutoConfiguration$DeferringLoadBalancerInterceptorConfig' of type [org.springframework.cloud.client.loadbalancer.LoadBalancerAutoConfiguration$DeferringLoadBalancerInterceptorConfig] is not eligible for getting processed by all BeanPostProcessors (for example: not eligible for auto-proxying). The currently created BeanPostProcessor [lbRestClientPostProcessor] is declared through a non-static factory method on that class; consider declaring it as static instead.
2026-05-28T00:46:56.931+05:30  WARN 39481 --- [eureka-server] [           main] trationDelegate$BeanPostProcessorChecker : Bean 'deferringLoadBalancerInterceptor' of type [org.springframework.cloud.client.loadbalancer.DeferringLoadBalancerInterceptor] is not eligible for getting processed by all BeanPostProcessors (for example: not eligible for auto-proxying). Is this bean getting eagerly injected into a currently created BeanPostProcessor [lbRestClientPostProcessor]? Check the corresponding BeanPostProcessor declaration and its dependencies.
2026-05-28T00:46:57.225+05:30  INFO 39481 --- [eureka-server] [           main] o.s.b.w.embedded.tomcat.TomcatWebServer  : Tomcat initialized with port 8761 (http)
2026-05-28T00:46:57.237+05:30  INFO 39481 --- [eureka-server] [           main] o.apache.catalina.core.StandardService   : Starting service [Tomcat]
2026-05-28T00:46:57.237+05:30  INFO 39481 --- [eureka-server] [           main] o.apache.catalina.core.StandardEngine    : Starting Servlet engine: [Apache Tomcat/10.1.19]
2026-05-28T00:46:57.290+05:30  INFO 39481 --- [eureka-server] [           main] o.a.c.c.C.[Tomcat].[localhost].[/]       : Initializing Spring embedded WebApplicationContext
2026-05-28T00:46:57.291+05:30  INFO 39481 --- [eureka-server] [           main] w.s.c.ServletWebServerApplicationContext : Root WebApplicationContext: initialization completed in 1974 ms
2026-05-28T00:46:58.375+05:30  INFO 39481 --- [eureka-server] [           main] c.n.d.provider.DiscoveryJerseyProvider   : Using JSON encoding codec LegacyJacksonJson
2026-05-28T00:46:58.376+05:30  INFO 39481 --- [eureka-server] [           main] c.n.d.provider.DiscoveryJerseyProvider   : Using JSON decoding codec LegacyJacksonJson
2026-05-28T00:46:58.556+05:30  INFO 39481 --- [eureka-server] [           main] c.n.d.provider.DiscoveryJerseyProvider   : Using XML encoding codec XStreamXml
2026-05-28T00:46:58.556+05:30  INFO 39481 --- [eureka-server] [           main] c.n.d.provider.DiscoveryJerseyProvider   : Using XML decoding codec XStreamXml
2026-05-28T00:46:59.530+05:30  WARN 39481 --- [eureka-server] [           main] iguration$LoadBalancerCaffeineWarnLogger : Spring Cloud LoadBalancer is currently working with the default cache. While this cache implementation is useful for development and tests, it's recommended to use Caffeine cache in production.You can switch to using Caffeine cache, by adding it and org.springframework.cache.caffeine.CaffeineCacheManager to the classpath.
2026-05-28T00:46:59.553+05:30  INFO 39481 --- [eureka-server] [           main] o.s.c.n.eureka.InstanceInfoFactory       : Setting initial instance status as: STARTING
2026-05-28T00:46:59.572+05:30  INFO 39481 --- [eureka-server] [           main] com.netflix.discovery.DiscoveryClient    : Initializing Eureka in region us-east-1
2026-05-28T00:46:59.573+05:30  INFO 39481 --- [eureka-server] [           main] com.netflix.discovery.DiscoveryClient    : Client configured to neither register nor query for data.
2026-05-28T00:46:59.574+05:30  INFO 39481 --- [eureka-server] [           main] com.netflix.discovery.DiscoveryClient    : Discovery Client initialized at timestamp 1779909419574 with initial instances count: 0
2026-05-28T00:46:59.612+05:30  INFO 39481 --- [eureka-server] [           main] c.n.eureka.DefaultEurekaServerContext    : Initializing ...
2026-05-28T00:46:59.614+05:30  INFO 39481 --- [eureka-server] [           main] c.n.eureka.cluster.PeerEurekaNodes       : Adding new peer nodes [http://localhost:8761/eureka/]
2026-05-28T00:46:59.729+05:30  INFO 39481 --- [eureka-server] [           main] c.n.d.provider.DiscoveryJerseyProvider   : Using JSON encoding codec LegacyJacksonJson
2026-05-28T00:46:59.729+05:30  INFO 39481 --- [eureka-server] [           main] c.n.d.provider.DiscoveryJerseyProvider   : Using JSON decoding codec LegacyJacksonJson
2026-05-28T00:46:59.729+05:30  INFO 39481 --- [eureka-server] [           main] c.n.d.provider.DiscoveryJerseyProvider   : Using XML encoding codec XStreamXml
2026-05-28T00:46:59.729+05:30  INFO 39481 --- [eureka-server] [           main] c.n.d.provider.DiscoveryJerseyProvider   : Using XML decoding codec XStreamXml
2026-05-28T00:46:59.783+05:30  INFO 39481 --- [eureka-server] [           main] c.n.eureka.cluster.PeerEurekaNodes       : Replica node URL:  http://localhost:8761/eureka/
2026-05-28T00:46:59.796+05:30  INFO 39481 --- [eureka-server] [           main] c.n.e.registry.AbstractInstanceRegistry  : Finished initializing remote region registries. All known remote regions: []
2026-05-28T00:46:59.796+05:30  INFO 39481 --- [eureka-server] [           main] c.n.eureka.DefaultEurekaServerContext    : Initialized
2026-05-28T00:46:59.817+05:30  INFO 39481 --- [eureka-server] [           main] o.s.b.a.e.web.EndpointLinksResolver      : Exposing 16 endpoint(s) beneath base path '/actuator'
2026-05-28T00:46:59.946+05:30  INFO 39481 --- [eureka-server] [           main] o.s.c.n.e.s.EurekaServiceRegistry        : Registering application EUREKA-SERVER with eureka with status UP
2026-05-28T00:46:59.966+05:30  INFO 39481 --- [eureka-server] [       Thread-9] o.s.c.n.e.server.EurekaServerBootstrap   : isAws returned false
2026-05-28T00:46:59.967+05:30  INFO 39481 --- [eureka-server] [       Thread-9] o.s.c.n.e.server.EurekaServerBootstrap   : Initialized server context
2026-05-28T00:46:59.968+05:30  INFO 39481 --- [eureka-server] [       Thread-9] c.n.e.r.PeerAwareInstanceRegistryImpl    : Got 1 instances from neighboring DS node
2026-05-28T00:46:59.968+05:30  INFO 39481 --- [eureka-server] [       Thread-9] c.n.e.r.PeerAwareInstanceRegistryImpl    : Renew threshold is: 1
2026-05-28T00:46:59.969+05:30  INFO 39481 --- [eureka-server] [       Thread-9] c.n.e.r.PeerAwareInstanceRegistryImpl    : Changing status to UP
2026-05-28T00:46:59.969+05:30  INFO 39481 --- [eureka-server] [           main] o.s.c.n.e.s.EurekaServiceRegistry        : Unregistering application EUREKA-SERVER with eureka with status DOWN
2026-05-28T00:46:59.970+05:30  WARN 39481 --- [eureka-server] [           main] ConfigServletWebServerApplicationContext : Exception encountered during context initialization - cancelling refresh attempt: org.springframework.context.ApplicationContextException: Failed to start bean 'webServerStartStop'
2026-05-28T00:46:59.971+05:30  INFO 39481 --- [eureka-server] [           main] c.n.eureka.DefaultEurekaServerContext    : Shutting down ...
2026-05-28T00:46:59.976+05:30  INFO 39481 --- [eureka-server] [       Thread-9] e.s.EurekaServerInitializerConfiguration : Started Eureka Server
2026-05-28T00:46:59.976+05:30  INFO 39481 --- [eureka-server] [           main] c.n.eureka.DefaultEurekaServerContext    : Shut down
2026-05-28T00:46:59.973+05:30 ERROR 39481 --- [eureka-server] [t-Conn-Cleaner2] c.n.d.s.t.j.EurekaJersey3ClientImpl      : Cannot clean connections

java.lang.IllegalStateException: Client instance has been closed.
	at org.glassfish.jersey.internal.guava.Preconditions.checkState(Preconditions.java:169) ~[jersey-common-3.1.5.jar!/:na]
	at org.glassfish.jersey.client.JerseyClient.checkNotClosed(JerseyClient.java:248) ~[jersey-client-3.1.5.jar!/:na]
	at org.glassfish.jersey.client.JerseyClient.getConfiguration(JerseyClient.java:363) ~[jersey-client-3.1.5.jar!/:na]
	at org.glassfish.jersey.client.JerseyClient.getConfiguration(JerseyClient.java:54) ~[jersey-client-3.1.5.jar!/:na]
	at com.netflix.discovery.shared.transport.jersey3.EurekaJersey3ClientImpl$ConnectionCleanerTask.run(EurekaJersey3ClientImpl.java:338) ~[eureka-client-jersey3-2.0.3.jar!/:2.0.3]
	at java.base/java.util.concurrent.Executors$RunnableAdapter.call(Executors.java:572) ~[na:na]
	at java.base/java.util.concurrent.FutureTask.run(FutureTask.java:317) ~[na:na]
	at java.base/java.util.concurrent.ScheduledThreadPoolExecutor$ScheduledFutureTask.run(ScheduledThreadPoolExecutor.java:304) ~[na:na]
	at java.base/java.util.concurrent.ThreadPoolExecutor.runWorker(ThreadPoolExecutor.java:1144) ~[na:na]
	at java.base/java.util.concurrent.ThreadPoolExecutor$Worker.run(ThreadPoolExecutor.java:642) ~[na:na]
	at java.base/java.lang.Thread.run(Thread.java:1583) ~[na:na]

2026-05-28T00:46:59.990+05:30  INFO 39481 --- [eureka-server] [           main] com.netflix.discovery.DiscoveryClient    : Shutting down DiscoveryClient ...
2026-05-28T00:46:59.991+05:30  INFO 39481 --- [eureka-server] [           main] com.netflix.discovery.DiscoveryClient    : Completed shut down of DiscoveryClient
2026-05-28T00:47:00.041+05:30  INFO 39481 --- [eureka-server] [           main] .s.b.a.l.ConditionEvaluationReportLogger : 

Error starting ApplicationContext. To display the condition evaluation report re-run your application with 'debug' enabled.
2026-05-28T00:47:00.074+05:30 ERROR 39481 --- [eureka-server] [           main] o.s.b.d.LoggingFailureAnalysisReporter   : 

***************************
APPLICATION FAILED TO START
***************************

Description:

Web server failed to start. Port 8761 was already in use.

Action:

Identify and stop the process that's listening on port 8761 or configure this application to listen on another port.

